<?xml version="1.0" encoding="UTF-8"?>
<!-- Generated by org.testng.reporters.JUnitReportReporter -->
<testsuite hostname="DESKTOP-QQ5HRP6" failures="0" tests="1" name="com.simplilearn.demo.Facebook" time="6.404" errors="0" timestamp="2022-04-14T11:29:09 IST" skipped="0">
  <testcase classname="com.simplilearn.demo.Facebook" name="welcome" time="6.404"/>
  <system-out/>
</testsuite> <!-- com.simplilearn.demo.Facebook -->
