<?xml version="1.0" encoding="UTF-8"?>
<!-- Generated by org.testng.reporters.JUnitReportReporter -->
<testsuite hostname="DESKTOP-QQ5HRP6" failures="0" tests="1" name="com.simplilearn.demo.AutomaticAnnotationsDemo" time="0.009" errors="0" timestamp="2022-04-14T11:16:20 IST" skipped="0">
  <testcase classname="com.simplilearn.demo.AutomaticAnnotationsDemo" name="f" time="0.009"/>
  <system-out/>
</testsuite> <!-- com.simplilearn.demo.AutomaticAnnotationsDemo -->
