<?xml version="1.0" encoding="UTF-8"?>
<!-- Generated by org.testng.reporters.JUnitReportReporter -->
<testsuite hostname="DESKTOP-QQ5HRP6" failures="0" tests="1" name="com.simplilearn.demo.FirstDemo" time="0.005" errors="0" timestamp="2022-04-14T11:16:20 IST" skipped="0">
  <testcase classname="com.simplilearn.demo.FirstDemo" name="Hello" time="0.005"/>
  <system-out/>
</testsuite> <!-- com.simplilearn.demo.FirstDemo -->
