<?xml version="1.0" encoding="UTF-8"?>
<!-- Generated by org.testng.reporters.JUnitReportReporter -->
<testsuite hostname="DESKTOP-QQ5HRP6" failures="0" tests="4" name="com.simplilearn.demo.ParallelTest" time="10.236" errors="0" timestamp="2022-04-14T11:24:41 IST" skipped="2">
  <testcase classname="com.simplilearn.demo.ParallelTest" name="LaunchChrome" time="9.956"/>
  <system-out/>
  <testcase classname="com.simplilearn.demo.ParallelTest" name="TryFacebook" time="0.280"/>
  <system-out/>
  <testcase classname="com.simplilearn.demo.ParallelTest" name="TryFacebook2">
    <skipped/>
  </testcase> <!-- TryFacebook2 -->
  <system-out/>
  <testcase classname="com.simplilearn.demo.ParallelTest" name="LaunchFirfox">
    <skipped/>
  </testcase> <!-- LaunchFirfox -->
  <system-out/>
</testsuite> <!-- com.simplilearn.demo.ParallelTest -->
