<?xml version="1.0" encoding="UTF-8"?>
<!-- Generated by org.testng.reporters.JUnitReportReporter -->
<testsuite hostname="DESKTOP-QQ5HRP6" failures="0" tests="3" name="com.simplilearn.demo.Assertion" time="17.078" errors="0" timestamp="2022-04-14T11:33:32 IST" skipped="0">
  <testcase classname="com.simplilearn.demo.Assertion" name="login" time="3.377"/>
  <system-out/>
  <testcase classname="com.simplilearn.demo.Assertion" name="launch" time="8.214"/>
  <system-out/>
  <testcase classname="com.simplilearn.demo.Assertion" name="TryFacebook" time="5.487"/>
  <system-out/>
</testsuite> <!-- com.simplilearn.demo.Assertion -->
